<?xml version="1.0" encoding="UTF-8"?>
<coverage generated="1632950507671" clover="3.2.0">
  <project timestamp="1632950507671" name="All files">
    <metrics statements="72" coveredstatements="49" conditionals="12" coveredconditionals="2" methods="41" coveredmethods="18" elements="125" coveredelements="69" complexity="0" loc="72" ncloc="72" packages="5" files="5" classes="5"/>
    <package name="modules.accounts.services">
      <metrics statements="11" coveredstatements="10" conditionals="2" coveredconditionals="1" methods="2" coveredmethods="2"/>
      <file name="profile-service.ts" path="/home/leo/Documentos/projetos/mine/TCC/StudeoUAI/backend/studeouai-api/src/modules/accounts/services/profile-service.ts">
        <metrics statements="11" coveredstatements="10" conditionals="2" coveredconditionals="1" methods="2" coveredmethods="2"/>
        <line num="1" count="1" type="stmt"/>
        <line num="2" count="1" type="stmt"/>
        <line num="4" count="1" type="stmt"/>
        <line num="6" count="1" type="stmt"/>
        <line num="7" count="1" type="stmt"/>
        <line num="8" count="2" type="stmt"/>
        <line num="10" count="2" type="stmt"/>
        <line num="12" count="1" type="cond" truecount="1" falsecount="1"/>
        <line num="13" count="0" type="stmt"/>
        <line num="16" count="1" type="stmt"/>
        <line num="18" count="1" type="stmt"/>
      </file>
    </package>
    <package name="modules.accounts.typeorm.entities">
      <metrics statements="20" coveredstatements="14" conditionals="5" coveredconditionals="0" methods="3" coveredmethods="1"/>
      <file name="User.ts" path="/home/leo/Documentos/projetos/mine/TCC/StudeoUAI/backend/studeouai-api/src/modules/accounts/typeorm/entities/User.ts">
        <metrics statements="20" coveredstatements="14" conditionals="5" coveredconditionals="0" methods="3" coveredmethods="1"/>
        <line num="1" count="1" type="stmt"/>
        <line num="2" count="1" type="stmt"/>
        <line num="3" count="1" type="stmt"/>
        <line num="6" count="1" type="stmt"/>
        <line num="8" count="1" type="stmt"/>
        <line num="11" count="1" type="stmt"/>
        <line num="14" count="1" type="stmt"/>
        <line num="17" count="1" type="stmt"/>
        <line num="20" count="1" type="stmt"/>
        <line num="23" count="1" type="stmt"/>
        <line num="26" count="1" type="stmt"/>
        <line num="29" count="2" type="stmt"/>
        <line num="30" count="0" type="stmt"/>
        <line num="32" count="0" type="stmt"/>
        <line num="34" count="0" type="stmt"/>
        <line num="36" count="0" type="stmt"/>
        <line num="41" count="0" type="cond" truecount="0" falsecount="2"/>
        <line num="42" count="0" type="stmt"/>
        <line num="45" count="1" type="stmt"/>
        <line num="47" count="1" type="stmt"/>
      </file>
    </package>
    <package name="modules.accounts.typeorm.repositories">
      <metrics statements="14" coveredstatements="8" conditionals="3" coveredconditionals="0" methods="4" coveredmethods="1"/>
      <file name="UsersRepository.ts" path="/home/leo/Documentos/projetos/mine/TCC/StudeoUAI/backend/studeouai-api/src/modules/accounts/typeorm/repositories/UsersRepository.ts">
        <metrics statements="14" coveredstatements="8" conditionals="3" coveredconditionals="0" methods="4" coveredmethods="1"/>
        <line num="1" count="1" type="stmt"/>
        <line num="2" count="1" type="stmt"/>
        <line num="5" count="1" type="stmt"/>
        <line num="6" count="1" type="stmt"/>
        <line num="7" count="0" type="cond" truecount="0" falsecount="1"/>
        <line num="13" count="0" type="stmt"/>
        <line num="16" count="1" type="stmt"/>
        <line num="17" count="0" type="cond" truecount="0" falsecount="1"/>
        <line num="23" count="0" type="stmt"/>
        <line num="26" count="1" type="stmt"/>
        <line num="27" count="0" type="cond" truecount="0" falsecount="1"/>
        <line num="33" count="0" type="stmt"/>
        <line num="35" count="1" type="stmt"/>
        <line num="37" count="1" type="stmt"/>
      </file>
    </package>
    <package name="modules.test.mock">
      <metrics statements="22" coveredstatements="12" conditionals="0" coveredconditionals="0" methods="30" coveredmethods="12"/>
      <file name="typeorm.mock.ts" path="/home/leo/Documentos/projetos/mine/TCC/StudeoUAI/backend/studeouai-api/src/modules/test/mock/typeorm.mock.ts">
        <metrics statements="22" coveredstatements="12" conditionals="0" coveredconditionals="0" methods="30" coveredmethods="12"/>
        <line num="2" count="1" type="stmt"/>
        <line num="5" count="1" type="stmt"/>
        <line num="6" count="1" type="stmt"/>
        <line num="7" count="1" type="stmt"/>
        <line num="9" count="1" type="stmt"/>
        <line num="10" count="1" type="stmt"/>
        <line num="11" count="2" type="stmt"/>
        <line num="12" count="0" type="stmt"/>
        <line num="13" count="0" type="stmt"/>
        <line num="15" count="1" type="stmt"/>
        <line num="16" count="1" type="stmt"/>
        <line num="17" count="0" type="stmt"/>
        <line num="18" count="5" type="stmt"/>
        <line num="19" count="1" type="stmt"/>
        <line num="20" count="0" type="stmt"/>
        <line num="21" count="0" type="stmt"/>
        <line num="22" count="0" type="stmt"/>
        <line num="23" count="0" type="stmt"/>
        <line num="24" count="0" type="stmt"/>
        <line num="25" count="0" type="stmt"/>
        <line num="26" count="0" type="stmt"/>
        <line num="28" count="1" type="stmt"/>
      </file>
    </package>
    <package name="shared.errors">
      <metrics statements="5" coveredstatements="5" conditionals="2" coveredconditionals="1" methods="2" coveredmethods="2"/>
      <file name="appError.ts" path="/home/leo/Documentos/projetos/mine/TCC/StudeoUAI/backend/studeouai-api/src/shared/errors/appError.ts">
        <metrics statements="5" coveredstatements="5" conditionals="2" coveredconditionals="1" methods="2" coveredmethods="2"/>
        <line num="1" count="1" type="stmt"/>
        <line num="5" count="1" type="cond" truecount="1" falsecount="1"/>
        <line num="6" count="1" type="stmt"/>
        <line num="7" count="1" type="stmt"/>
        <line num="9" count="1" type="stmt"/>
      </file>
    </package>
  </project>
</coverage>
