{"/home/leo/Documentos/projetos/mine/TCC/StudeoUAI/backend/studeouai-api/src/config/upload.ts": {"path":"/home/leo/Documentos/projetos/mine/TCC/StudeoUAI/backend/studeouai-api/src/config/upload.ts","statementMap":{"0":{"start":{"line":1,"column":0},"end":{"line":1,"column":28}},"1":{"start":{"line":2,"column":0},"end":{"line":2,"column":28}},"2":{"start":{"line":3,"column":0},"end":{"line":3,"column":31}},"3":{"start":{"line":5,"column":18},"end":{"line":5,"column":55}},"4":{"start":{"line":7,"column":0},"end":{"line":17,"column":2}},"5":{"start":{"line":12,"column":23},"end":{"line":12,"column":61}},"6":{"start":{"line":13,"column":26},"end":{"line":13,"column":57}},"7":{"start":{"line":14,"column":6},"end":{"line":14,"column":38}}},"fnMap":{"0":{"name":"(anonymous_1)","decl":{"start":{"line":11,"column":14},"end":{"line":11,"column":15}},"loc":{"start":{"line":11,"column":38},"end":{"line":15,"column":5}}}},"branchMap":{},"s":{"0":1,"1":1,"2":1,"3":1,"4":1,"5":0,"6":0,"7":0},"f":{"0":0},"b":{}}
,"/home/leo/Documentos/projetos/mine/TCC/StudeoUAI/backend/studeouai-api/src/modules/accounts/services/update-user-avatar-service.ts": {"path":"/home/leo/Documentos/projetos/mine/TCC/StudeoUAI/backend/studeouai-api/src/modules/accounts/services/update-user-avatar-service.ts","statementMap":{"0":{"start":{"line":1,"column":0},"end":{"line":1,"column":78}},"1":{"start":{"line":2,"column":0},"end":{"line":2,"column":52}},"2":{"start":{"line":3,"column":0},"end":{"line":3,"column":46}},"3":{"start":{"line":5,"column":0},"end":{"line":5,"column":75}},"4":{"start":{"line":7,"column":0},"end":{"line":7,"column":null}},"5":{"start":{"line":8,"column":8},"end":{"line":33,"column":null}},"6":{"start":{"line":9,"column":11},"end":{"line":9,"column":null}},"7":{"start":{"line":10,"column":15},"end":{"line":10,"column":null}},"8":{"start":{"line":12,"column":10},"end":{"line":12,"column":64}},"9":{"start":{"line":13,"column":22},"end":{"line":13,"column":null}},"10":{"start":{"line":13,"column":10},"end":{"line":13,"column":null}},"11":{"start":{"line":14,"column":10},"end":{"line":14,"column":50}},"12":{"start":{"line":16,"column":4},"end":{"line":16,"column":33}},"13":{"start":{"line":18,"column":4},"end":{"line":20,"column":null}},"14":{"start":{"line":19,"column":6},"end":{"line":19,"column":48}},"15":{"start":{"line":22,"column":8},"end":{"line":22,"column":17}},"16":{"start":{"line":24,"column":8},"end":{"line":24,"column":null}},"17":{"start":{"line":23,"column":6},"end":{"line":25,"column":43}},"18":{"start":{"line":28,"column":11},"end":{"line":28,"column":43}},"19":{"start":{"line":28,"column":4},"end":{"line":28,"column":72}},"20":{"start":{"line":30,"column":4},"end":{"line":30,"column":35}},"21":{"start":{"line":32,"column":4},"end":{"line":32,"column":43}},"22":{"start":{"line":34,"column":0},"end":{"line":34,"column":null}},"23":{"start":{"line":36,"column":9},"end":{"line":36,"column":32}}},"fnMap":{"0":{"name":"(anonymous_13)","decl":{"start":{"line":7,"column":0},"end":{"line":7,"column":null}},"loc":{"start":{"line":7,"column":0},"end":{"line":34,"column":null}}},"1":{"name":"(anonymous_15)","decl":{"start":{"line":8,"column":2},"end":{"line":8,"column":8}},"loc":{"start":{"line":11,"column":28},"end":{"line":33,"column":null}}}},"branchMap":{"0":{"loc":{"start":{"line":23,"column":6},"end":{"line":25,"column":43}},"type":"switch","locations":[{"start":{"line":23,"column":6},"end":{"line":25,"column":43}},{"start":{"line":28,"column":11},"end":{"line":28,"column":43}},{"start":{"line":28,"column":4},"end":{"line":28,"column":72}}]},"1":{"loc":{"start":{"line":18,"column":4},"end":{"line":20,"column":null}},"type":"if","locations":[{"start":{"line":18,"column":4},"end":{"line":20,"column":null}},{"start":{"line":18,"column":4},"end":{"line":20,"column":null}}]},"2":{"loc":{"start":{"line":22,"column":8},"end":{"line":22,"column":17}},"type":"if","locations":[{"start":{"line":22,"column":8},"end":{"line":22,"column":17}},{"start":{"line":22,"column":8},"end":{"line":22,"column":17}}]}},"s":{"0":1,"1":1,"2":1,"3":1,"4":1,"5":1,"6":1,"7":1,"8":1,"9":1,"10":1,"11":1,"12":1,"13":1,"14":1,"15":0,"16":0,"17":0,"18":0,"19":0,"20":0,"21":0,"22":1,"23":1},"f":{"0":2,"1":1},"b":{"0":[0,0,0],"1":[1,0],"2":[0,0]}}
,"/home/leo/Documentos/projetos/mine/TCC/StudeoUAI/backend/studeouai-api/src/modules/accounts/typeorm/entities/User.ts": {"path":"/home/leo/Documentos/projetos/mine/TCC/StudeoUAI/backend/studeouai-api/src/modules/accounts/typeorm/entities/User.ts","statementMap":{"0":{"start":{"line":1,"column":0},"end":{"line":1,"column":43}},"1":{"start":{"line":2,"column":0},"end":{"line":2,"column":74}},"2":{"start":{"line":3,"column":0},"end":{"line":3,"column":36}},"3":{"start":{"line":6,"column":0},"end":{"line":6,"column":6}},"4":{"start":{"line":41,"column":4},"end":{"line":43,"column":null}},"5":{"start":{"line":42,"column":6},"end":{"line":42,"column":25}},"6":{"start":{"line":29,"column":2},"end":{"line":38,"column":null}},"7":{"start":{"line":30,"column":4},"end":{"line":37,"column":null}},"8":{"start":{"line":32,"column":8},"end":{"line":32,"column":66}},"9":{"start":{"line":34,"column":8},"end":{"line":34,"column":69}},"10":{"start":{"line":36,"column":8},"end":{"line":36,"column":20}},"11":{"start":{"line":8,"column":2},"end":{"line":8,"column":null}},"12":{"start":{"line":11,"column":2},"end":{"line":11,"column":null}},"13":{"start":{"line":14,"column":2},"end":{"line":14,"column":null}},"14":{"start":{"line":17,"column":2},"end":{"line":17,"column":null}},"15":{"start":{"line":20,"column":2},"end":{"line":20,"column":null}},"16":{"start":{"line":23,"column":2},"end":{"line":23,"column":null}},"17":{"start":{"line":26,"column":2},"end":{"line":26,"column":null}},"18":{"start":{"line":6,"column":6},"end":{"line":45,"column":null}},"19":{"start":{"line":45,"column":0},"end":{"line":45,"column":null}},"20":{"start":{"line":47,"column":9},"end":{"line":47,"column":13}}},"fnMap":{"0":{"name":"(anonymous_2)","decl":{"start":{"line":6,"column":0},"end":{"line":6,"column":6}},"loc":{"start":{"line":6,"column":0},"end":{"line":6,"column":6}}},"1":{"name":"User","decl":{"start":{"line":40,"column":2},"end":{"line":40,"column":null}},"loc":{"start":{"line":40,"column":2},"end":{"line":44,"column":3}}},"2":{"name":"(anonymous_4)","decl":{"start":{"line":29,"column":2},"end":{"line":29,"column":12}},"loc":{"start":{"line":29,"column":2},"end":{"line":38,"column":3}}}},"branchMap":{"0":{"loc":{"start":{"line":41,"column":4},"end":{"line":43,"column":null}},"type":"if","locations":[{"start":{"line":41,"column":4},"end":{"line":43,"column":null}},{"start":{"line":41,"column":4},"end":{"line":43,"column":null}}]},"1":{"loc":{"start":{"line":31,"column":6},"end":{"line":32,"column":66}},"type":"switch","locations":[{"start":{"line":31,"column":6},"end":{"line":32,"column":66}},{"start":{"line":33,"column":6},"end":{"line":34,"column":69}},{"start":{"line":35,"column":6},"end":{"line":36,"column":20}}]}},"s":{"0":1,"1":1,"2":1,"3":1,"4":0,"5":0,"6":2,"7":0,"8":0,"9":0,"10":0,"11":1,"12":1,"13":1,"14":1,"15":1,"16":1,"17":1,"18":1,"19":1,"20":1},"f":{"0":1,"1":0,"2":0},"b":{"0":[0,0],"1":[0,0,0]}}
,"/home/leo/Documentos/projetos/mine/TCC/StudeoUAI/backend/studeouai-api/src/modules/accounts/typeorm/repositories/users-repository.ts": {"path":"/home/leo/Documentos/projetos/mine/TCC/StudeoUAI/backend/studeouai-api/src/modules/accounts/typeorm/repositories/users-repository.ts","statementMap":{"0":{"start":{"line":1,"column":0},"end":{"line":1,"column":55}},"1":{"start":{"line":2,"column":0},"end":{"line":2,"column":40}},"2":{"start":{"line":5,"column":0},"end":{"line":5,"column":46}},"3":{"start":{"line":5,"column":30},"end":{"line":5,"column":40}},"4":{"start":{"line":6,"column":15},"end":{"line":14,"column":null}},"5":{"start":{"line":7,"column":17},"end":{"line":11,"column":null}},"6":{"start":{"line":7,"column":10},"end":{"line":11,"column":null}},"7":{"start":{"line":13,"column":4},"end":{"line":13,"column":16}},"8":{"start":{"line":16,"column":15},"end":{"line":24,"column":null}},"9":{"start":{"line":17,"column":17},"end":{"line":21,"column":null}},"10":{"start":{"line":17,"column":10},"end":{"line":21,"column":null}},"11":{"start":{"line":23,"column":4},"end":{"line":23,"column":16}},"12":{"start":{"line":26,"column":15},"end":{"line":34,"column":null}},"13":{"start":{"line":27,"column":17},"end":{"line":31,"column":null}},"14":{"start":{"line":27,"column":10},"end":{"line":31,"column":null}},"15":{"start":{"line":33,"column":4},"end":{"line":33,"column":16}},"16":{"start":{"line":5,"column":6},"end":{"line":35,"column":null}},"17":{"start":{"line":35,"column":0},"end":{"line":35,"column":null}},"18":{"start":{"line":37,"column":9},"end":{"line":37,"column":24}}},"fnMap":{"0":{"name":"(anonymous_20)","decl":{"start":{"line":5,"column":0},"end":{"line":5,"column":6}},"loc":{"start":{"line":5,"column":0},"end":{"line":5,"column":6}}},"1":{"name":"(anonymous_22)","decl":{"start":{"line":6,"column":2},"end":{"line":6,"column":15}},"loc":{"start":{"line":6,"column":38},"end":{"line":14,"column":null}}},"2":{"name":"(anonymous_25)","decl":{"start":{"line":16,"column":2},"end":{"line":16,"column":15}},"loc":{"start":{"line":16,"column":34},"end":{"line":24,"column":null}}},"3":{"name":"(anonymous_28)","decl":{"start":{"line":26,"column":2},"end":{"line":26,"column":15}},"loc":{"start":{"line":26,"column":40},"end":{"line":34,"column":null}}}},"branchMap":{"0":{"loc":{"start":{"line":7,"column":17},"end":{"line":11,"column":null}},"type":"switch","locations":[{"start":{"line":7,"column":17},"end":{"line":11,"column":null}}]},"1":{"loc":{"start":{"line":17,"column":17},"end":{"line":21,"column":null}},"type":"switch","locations":[{"start":{"line":17,"column":17},"end":{"line":21,"column":null}}]},"2":{"loc":{"start":{"line":27,"column":17},"end":{"line":31,"column":null}},"type":"switch","locations":[{"start":{"line":27,"column":17},"end":{"line":31,"column":null}}]}},"s":{"0":1,"1":1,"2":1,"3":1,"4":1,"5":0,"6":0,"7":0,"8":1,"9":0,"10":0,"11":0,"12":1,"13":0,"14":0,"15":0,"16":1,"17":1,"18":1},"f":{"0":1,"1":0,"2":0,"3":0},"b":{"0":[0],"1":[0],"2":[0]}}
,"/home/leo/Documentos/projetos/mine/TCC/StudeoUAI/backend/studeouai-api/src/modules/test/mock/typeorm.mock.ts": {"path":"/home/leo/Documentos/projetos/mine/TCC/StudeoUAI/backend/studeouai-api/src/modules/test/mock/typeorm.mock.ts","statementMap":{"0":{"start":{"line":9,"column":0},"end":{"line":30,"column":3}},"1":{"start":{"line":10,"column":2},"end":{"line":29,"column":4}},"2":{"start":{"line":11,"column":31},"end":{"line":11,"column":null}},"3":{"start":{"line":12,"column":25},"end":{"line":12,"column":null}},"4":{"start":{"line":13,"column":25},"end":{"line":13,"column":null}},"5":{"start":{"line":15,"column":18},"end":{"line":15,"column":null}},"6":{"start":{"line":16,"column":25},"end":{"line":16,"column":null}},"7":{"start":{"line":17,"column":34},"end":{"line":17,"column":null}},"8":{"start":{"line":18,"column":18},"end":{"line":18,"column":null}},"9":{"start":{"line":19,"column":28},"end":{"line":19,"column":null}},"10":{"start":{"line":20,"column":28},"end":{"line":20,"column":null}},"11":{"start":{"line":21,"column":18},"end":{"line":21,"column":null}},"12":{"start":{"line":22,"column":22},"end":{"line":22,"column":null}},"13":{"start":{"line":23,"column":21},"end":{"line":23,"column":null}},"14":{"start":{"line":24,"column":20},"end":{"line":24,"column":null}},"15":{"start":{"line":25,"column":21},"end":{"line":25,"column":null}},"16":{"start":{"line":26,"column":21},"end":{"line":26,"column":null}},"17":{"start":{"line":28,"column":28},"end":{"line":28,"column":null}},"18":{"start":{"line":2,"column":0},"end":{"line":2,"column":53}},"19":{"start":{"line":5,"column":13},"end":{"line":5,"column":54}},"20":{"start":{"line":6,"column":13},"end":{"line":6,"column":72}},"21":{"start":{"line":7,"column":13},"end":{"line":7,"column":70}}},"fnMap":{"0":{"name":"(anonymous_0)","decl":{"start":{"line":9,"column":21},"end":{"line":9,"column":null}},"loc":{"start":{"line":9,"column":21},"end":{"line":30,"column":1}}},"1":{"name":"(anonymous_1)","decl":{"start":{"line":11,"column":25},"end":{"line":11,"column":31}},"loc":{"start":{"line":11,"column":25},"end":{"line":11,"column":45}}},"2":{"name":"(anonymous_2)","decl":{"start":{"line":12,"column":19},"end":{"line":12,"column":25}},"loc":{"start":{"line":12,"column":19},"end":{"line":12,"column":39}}},"3":{"name":"(anonymous_3)","decl":{"start":{"line":13,"column":19},"end":{"line":13,"column":25}},"loc":{"start":{"line":13,"column":19},"end":{"line":13,"column":39}}},"4":{"name":"(anonymous_4)","decl":{"start":{"line":15,"column":12},"end":{"line":15,"column":18}},"loc":{"start":{"line":15,"column":12},"end":{"line":15,"column":25}}},"5":{"name":"(anonymous_5)","decl":{"start":{"line":15,"column":18},"end":{"line":15,"column":25}},"loc":{"start":{"line":15,"column":18},"end":{"line":15,"column":26}}},"6":{"name":"(anonymous_6)","decl":{"start":{"line":16,"column":19},"end":{"line":16,"column":25}},"loc":{"start":{"line":16,"column":19},"end":{"line":16,"column":32}}},"7":{"name":"(anonymous_7)","decl":{"start":{"line":16,"column":25},"end":{"line":16,"column":32}},"loc":{"start":{"line":16,"column":25},"end":{"line":16,"column":33}}},"8":{"name":"(anonymous_8)","decl":{"start":{"line":17,"column":28},"end":{"line":17,"column":34}},"loc":{"start":{"line":17,"column":28},"end":{"line":17,"column":41}}},"9":{"name":"(anonymous_9)","decl":{"start":{"line":17,"column":34},"end":{"line":17,"column":41}},"loc":{"start":{"line":17,"column":34},"end":{"line":17,"column":42}}},"10":{"name":"(anonymous_10)","decl":{"start":{"line":18,"column":12},"end":{"line":18,"column":18}},"loc":{"start":{"line":18,"column":12},"end":{"line":18,"column":25}}},"11":{"name":"(anonymous_11)","decl":{"start":{"line":18,"column":18},"end":{"line":18,"column":25}},"loc":{"start":{"line":18,"column":18},"end":{"line":18,"column":26}}},"12":{"name":"(anonymous_12)","decl":{"start":{"line":19,"column":22},"end":{"line":19,"column":28}},"loc":{"start":{"line":19,"column":22},"end":{"line":19,"column":35}}},"13":{"name":"(anonymous_13)","decl":{"start":{"line":19,"column":28},"end":{"line":19,"column":35}},"loc":{"start":{"line":19,"column":28},"end":{"line":19,"column":36}}},"14":{"name":"(anonymous_14)","decl":{"start":{"line":20,"column":22},"end":{"line":20,"column":28}},"loc":{"start":{"line":20,"column":22},"end":{"line":20,"column":35}}},"15":{"name":"(anonymous_15)","decl":{"start":{"line":20,"column":28},"end":{"line":20,"column":35}},"loc":{"start":{"line":20,"column":28},"end":{"line":20,"column":36}}},"16":{"name":"(anonymous_16)","decl":{"start":{"line":21,"column":12},"end":{"line":21,"column":18}},"loc":{"start":{"line":21,"column":12},"end":{"line":21,"column":25}}},"17":{"name":"(anonymous_17)","decl":{"start":{"line":21,"column":18},"end":{"line":21,"column":25}},"loc":{"start":{"line":21,"column":18},"end":{"line":21,"column":26}}},"18":{"name":"(anonymous_18)","decl":{"start":{"line":22,"column":16},"end":{"line":22,"column":22}},"loc":{"start":{"line":22,"column":16},"end":{"line":22,"column":29}}},"19":{"name":"(anonymous_19)","decl":{"start":{"line":22,"column":22},"end":{"line":22,"column":29}},"loc":{"start":{"line":22,"column":22},"end":{"line":22,"column":30}}},"20":{"name":"(anonymous_20)","decl":{"start":{"line":23,"column":15},"end":{"line":23,"column":21}},"loc":{"start":{"line":23,"column":15},"end":{"line":23,"column":28}}},"21":{"name":"(anonymous_21)","decl":{"start":{"line":23,"column":21},"end":{"line":23,"column":28}},"loc":{"start":{"line":23,"column":21},"end":{"line":23,"column":29}}},"22":{"name":"(anonymous_22)","decl":{"start":{"line":24,"column":14},"end":{"line":24,"column":20}},"loc":{"start":{"line":24,"column":14},"end":{"line":24,"column":27}}},"23":{"name":"(anonymous_23)","decl":{"start":{"line":24,"column":20},"end":{"line":24,"column":27}},"loc":{"start":{"line":24,"column":20},"end":{"line":24,"column":28}}},"24":{"name":"(anonymous_24)","decl":{"start":{"line":25,"column":15},"end":{"line":25,"column":21}},"loc":{"start":{"line":25,"column":15},"end":{"line":25,"column":28}}},"25":{"name":"(anonymous_25)","decl":{"start":{"line":25,"column":21},"end":{"line":25,"column":28}},"loc":{"start":{"line":25,"column":21},"end":{"line":25,"column":29}}},"26":{"name":"(anonymous_26)","decl":{"start":{"line":26,"column":15},"end":{"line":26,"column":21}},"loc":{"start":{"line":26,"column":15},"end":{"line":26,"column":28}}},"27":{"name":"(anonymous_27)","decl":{"start":{"line":26,"column":21},"end":{"line":26,"column":28}},"loc":{"start":{"line":26,"column":21},"end":{"line":26,"column":29}}},"28":{"name":"(anonymous_28)","decl":{"start":{"line":28,"column":22},"end":{"line":28,"column":28}},"loc":{"start":{"line":28,"column":22},"end":{"line":28,"column":35}}},"29":{"name":"(anonymous_29)","decl":{"start":{"line":28,"column":28},"end":{"line":28,"column":35}},"loc":{"start":{"line":28,"column":28},"end":{"line":28,"column":36}}}},"branchMap":{},"s":{"0":1,"1":1,"2":1,"3":0,"4":0,"5":1,"6":1,"7":0,"8":5,"9":1,"10":0,"11":0,"12":0,"13":0,"14":0,"15":0,"16":0,"17":1,"18":1,"19":1,"20":1,"21":1},"f":{"0":1,"1":1,"2":0,"3":0,"4":1,"5":1,"6":1,"7":1,"8":0,"9":0,"10":5,"11":5,"12":1,"13":1,"14":0,"15":0,"16":0,"17":0,"18":0,"19":0,"20":0,"21":0,"22":0,"23":0,"24":0,"25":0,"26":0,"27":0,"28":1,"29":1},"b":{}}
,"/home/leo/Documentos/projetos/mine/TCC/StudeoUAI/backend/studeouai-api/src/shared/container/providers/StorageProvider/index.ts": {"path":"/home/leo/Documentos/projetos/mine/TCC/StudeoUAI/backend/studeouai-api/src/shared/container/providers/StorageProvider/index.ts","statementMap":{"0":{"start":{"line":1,"column":0},"end":{"line":1,"column":78}},"1":{"start":{"line":2,"column":0},"end":{"line":2,"column":72}},"2":{"start":{"line":5,"column":20},"end":{"line":8,"column":2}},"3":{"start":{"line":10,"column":0},"end":{"line":10,"column":null}},"4":{"start":{"line":11,"column":8},"end":{"line":13,"column":null}},"5":{"start":{"line":12,"column":4},"end":{"line":12,"column":49}},"6":{"start":{"line":14,"column":0},"end":{"line":14,"column":null}},"7":{"start":{"line":16,"column":9},"end":{"line":16,"column":24}}},"fnMap":{"0":{"name":"(anonymous_13)","decl":{"start":{"line":10,"column":0},"end":{"line":10,"column":null}},"loc":{"start":{"line":10,"column":0},"end":{"line":14,"column":null}}},"1":{"name":"(anonymous_15)","decl":{"start":{"line":11,"column":2},"end":{"line":11,"column":8}},"loc":{"start":{"line":11,"column":2},"end":{"line":13,"column":null}}}},"branchMap":{},"s":{"0":1,"1":1,"2":1,"3":1,"4":1,"5":0,"6":1,"7":1},"f":{"0":2,"1":0},"b":{}}
,"/home/leo/Documentos/projetos/mine/TCC/StudeoUAI/backend/studeouai-api/src/shared/container/providers/StorageProvider/implementations/LocalStorageProvider.ts": {"path":"/home/leo/Documentos/projetos/mine/TCC/StudeoUAI/backend/studeouai-api/src/shared/container/providers/StorageProvider/implementations/LocalStorageProvider.ts","statementMap":{"0":{"start":{"line":1,"column":0},"end":{"line":1,"column":20}},"1":{"start":{"line":2,"column":0},"end":{"line":2,"column":24}},"2":{"start":{"line":4,"column":0},"end":{"line":4,"column":36}},"3":{"start":{"line":5,"column":0},"end":{"line":5,"column":41}},"4":{"start":{"line":9,"column":0},"end":{"line":9,"column":null}},"5":{"start":{"line":10,"column":8},"end":{"line":16,"column":null}},"6":{"start":{"line":11,"column":4},"end":{"line":14,"column":6}},"7":{"start":{"line":15,"column":4},"end":{"line":15,"column":16}},"8":{"start":{"line":18,"column":8},"end":{"line":21,"column":null}},"9":{"start":{"line":19,"column":10},"end":{"line":19,"column":73}},"10":{"start":{"line":20,"column":4},"end":{"line":20,"column":31}},"11":{"start":{"line":22,"column":0},"end":{"line":22,"column":null}},"12":{"start":{"line":23,"column":9},"end":{"line":23,"column":29}}},"fnMap":{"0":{"name":"(anonymous_14)","decl":{"start":{"line":9,"column":0},"end":{"line":9,"column":null}},"loc":{"start":{"line":9,"column":0},"end":{"line":22,"column":null}}},"1":{"name":"(anonymous_16)","decl":{"start":{"line":10,"column":2},"end":{"line":10,"column":8}},"loc":{"start":{"line":10,"column":41},"end":{"line":16,"column":null}}},"2":{"name":"(anonymous_19)","decl":{"start":{"line":18,"column":2},"end":{"line":18,"column":8}},"loc":{"start":{"line":18,"column":43},"end":{"line":21,"column":null}}}},"branchMap":{"0":{"loc":{"start":{"line":11,"column":4},"end":{"line":14,"column":6}},"type":"switch","locations":[{"start":{"line":11,"column":4},"end":{"line":14,"column":6}}]}},"s":{"0":1,"1":1,"2":1,"3":1,"4":1,"5":1,"6":0,"7":0,"8":1,"9":0,"10":0,"11":1,"12":1},"f":{"0":1,"1":0,"2":0},"b":{"0":[0]}}
,"/home/leo/Documentos/projetos/mine/TCC/StudeoUAI/backend/studeouai-api/src/shared/container/providers/StorageProvider/implementations/S3StorageProvider.ts": {"path":"/home/leo/Documentos/projetos/mine/TCC/StudeoUAI/backend/studeouai-api/src/shared/container/providers/StorageProvider/implementations/S3StorageProvider.ts","statementMap":{"0":{"start":{"line":1,"column":0},"end":{"line":1,"column":29}},"1":{"start":{"line":2,"column":0},"end":{"line":2,"column":20}},"2":{"start":{"line":3,"column":0},"end":{"line":3,"column":24}},"3":{"start":{"line":4,"column":0},"end":{"line":4,"column":24}},"4":{"start":{"line":6,"column":0},"end":{"line":6,"column":36}},"5":{"start":{"line":7,"column":0},"end":{"line":7,"column":41}},"6":{"start":{"line":11,"column":0},"end":{"line":11,"column":null}},"7":{"start":{"line":15,"column":4},"end":{"line":17,"column":7}},"8":{"start":{"line":20,"column":8},"end":{"line":37,"column":null}},"9":{"start":{"line":21,"column":10},"end":{"line":21,"column":62}},"10":{"start":{"line":22,"column":24},"end":{"line":22,"column":null}},"11":{"start":{"line":22,"column":10},"end":{"line":22,"column":null}},"12":{"start":{"line":24,"column":4},"end":{"line":32,"column":17}},"13":{"start":{"line":34,"column":4},"end":{"line":34,"column":35}},"14":{"start":{"line":36,"column":4},"end":{"line":36,"column":16}},"15":{"start":{"line":39,"column":8},"end":{"line":46,"column":null}},"16":{"start":{"line":40,"column":4},"end":{"line":45,"column":17}},"17":{"start":{"line":47,"column":0},"end":{"line":47,"column":null}},"18":{"start":{"line":49,"column":9},"end":{"line":49,"column":26}}},"fnMap":{"0":{"name":"(anonymous_14)","decl":{"start":{"line":11,"column":0},"end":{"line":11,"column":null}},"loc":{"start":{"line":11,"column":0},"end":{"line":47,"column":null}}},"1":{"name":"S3StorageProvider","decl":{"start":{"line":14,"column":2},"end":{"line":14,"column":null}},"loc":{"start":{"line":14,"column":2},"end":{"line":18,"column":3}}},"2":{"name":"(anonymous_16)","decl":{"start":{"line":20,"column":2},"end":{"line":20,"column":8}},"loc":{"start":{"line":20,"column":41},"end":{"line":37,"column":null}}},"3":{"name":"(anonymous_19)","decl":{"start":{"line":39,"column":2},"end":{"line":39,"column":8}},"loc":{"start":{"line":39,"column":43},"end":{"line":46,"column":null}}}},"branchMap":{},"s":{"0":1,"1":1,"2":1,"3":1,"4":1,"5":1,"6":1,"7":0,"8":1,"9":0,"10":0,"11":0,"12":0,"13":0,"14":0,"15":1,"16":0,"17":1,"18":1},"f":{"0":1,"1":0,"2":0,"3":0},"b":{}}
,"/home/leo/Documentos/projetos/mine/TCC/StudeoUAI/backend/studeouai-api/src/shared/errors/app-error.ts": {"path":"/home/leo/Documentos/projetos/mine/TCC/StudeoUAI/backend/studeouai-api/src/shared/errors/app-error.ts","statementMap":{"0":{"start":{"line":1,"column":0},"end":{"line":1,"column":13}},"1":{"start":{"line":5,"column":31},"end":{"line":5,"column":null}},"2":{"start":{"line":6,"column":4},"end":{"line":6,"column":27}},"3":{"start":{"line":7,"column":4},"end":{"line":7,"column":33}},"4":{"start":{"line":9,"column":0},"end":{"line":9,"column":null}},"5":{"start":{"line":1,"column":13},"end":{"line":1,"column":21}}},"fnMap":{"0":{"name":"(anonymous_0)","decl":{"start":{"line":1,"column":0},"end":{"line":1,"column":13}},"loc":{"start":{"line":1,"column":0},"end":{"line":9,"column":null}}},"1":{"name":"AppError","decl":{"start":{"line":5,"column":2},"end":{"line":5,"column":14}},"loc":{"start":{"line":5,"column":47},"end":{"line":8,"column":3}}}},"branchMap":{"0":{"loc":{"start":{"line":5,"column":31},"end":{"line":5,"column":null}},"type":"if","locations":[{"start":{"line":5,"column":31},"end":{"line":5,"column":null}},{"start":{"line":5,"column":31},"end":{"line":5,"column":null}}]}},"s":{"0":1,"1":2,"2":2,"3":2,"4":1,"5":1},"f":{"0":1,"1":2},"b":{"0":[0,2]}}
,"/home/leo/Documentos/projetos/mine/TCC/StudeoUAI/backend/studeouai-api/src/utils/file.ts": {"path":"/home/leo/Documentos/projetos/mine/TCC/StudeoUAI/backend/studeouai-api/src/utils/file.ts","statementMap":{"0":{"start":{"line":1,"column":0},"end":{"line":1,"column":20}},"1":{"start":{"line":3,"column":26},"end":{"line":11,"column":2}},"2":{"start":{"line":3,"column":49},"end":{"line":11,"column":2}},"3":{"start":{"line":5,"column":4},"end":{"line":5,"column":37}},"4":{"start":{"line":7,"column":4},"end":{"line":7,"column":11}},"5":{"start":{"line":10,"column":2},"end":{"line":10,"column":37}},"6":{"start":{"line":3,"column":13},"end":{"line":3,"column":26}}},"fnMap":{"0":{"name":"(anonymous_14)","decl":{"start":{"line":3,"column":26},"end":{"line":3,"column":33}},"loc":{"start":{"line":3,"column":49},"end":{"line":11,"column":2}}},"1":{"name":"(anonymous_15)","decl":{"start":{"line":3,"column":49},"end":{"line":3,"column":null}},"loc":{"start":{"line":3,"column":49},"end":{"line":11,"column":2}}}},"branchMap":{"0":{"loc":{"start":{"line":10,"column":2},"end":{"line":10,"column":37}},"type":"switch","locations":[{"start":{"line":10,"column":2},"end":{"line":10,"column":37}}]}},"s":{"0":1,"1":1,"2":0,"3":0,"4":0,"5":0,"6":1},"f":{"0":0,"1":0},"b":{"0":[0]}}
}
