TN:
SF:src/modules/accounts/controllers/UserController.ts
FN:4,findUserById
FN:21,createUser
FNF:2
FNH:1
FNDA:1,findUserById
FNDA:0,createUser
DA:2,1
DA:10,1
DA:11,1
DA:13,1
DA:15,1
DA:17,0
DA:27,0
DA:29,0
DA:31,0
DA:39,0
DA:41,0
DA:45,1
LF:12
LH:6
BRF:0
BRH:0
end_of_record
TN:
SF:src/modules/accounts/services/UserService.ts
FN:8,(anonymous_13)
FN:9,(anonymous_15)
FN:41,(anonymous_18)
FNF:3
FNH:1
FNDA:1,(anonymous_13)
FNDA:0,(anonymous_15)
FNDA:0,(anonymous_18)
DA:1,1
DA:2,1
DA:3,1
DA:6,1
DA:8,1
DA:9,1
DA:10,0
DA:11,0
DA:12,0
DA:13,0
DA:14,0
DA:16,0
DA:17,0
DA:19,0
DA:20,0
DA:23,0
DA:28,0
DA:36,0
DA:38,0
DA:41,1
DA:42,0
DA:44,0
DA:46,0
DA:47,0
DA:50,0
DA:52,1
LF:26
LH:8
BRDA:19,0,0,0
BRDA:19,0,1,0
BRDA:46,1,0,0
BRDA:46,1,1,0
BRF:4
BRH:0
end_of_record
TN:
SF:src/modules/accounts/typeorm/entities/User.ts
FN:6,(anonymous_2)
FN:40,User
FN:29,(anonymous_4)
FNF:3
FNH:1
FNDA:1,(anonymous_2)
FNDA:0,User
FNDA:0,(anonymous_4)
DA:1,1
DA:2,1
DA:3,1
DA:6,1
DA:8,1
DA:11,1
DA:14,1
DA:17,1
DA:20,1
DA:23,1
DA:26,1
DA:29,2
DA:30,0
DA:32,0
DA:34,0
DA:36,0
DA:41,0
DA:42,0
DA:45,1
DA:47,1
LF:20
LH:14
BRDA:41,0,0,0
BRDA:41,0,1,0
BRDA:31,1,0,0
BRDA:31,1,1,0
BRDA:31,1,2,0
BRF:5
BRH:0
end_of_record
TN:
SF:src/modules/accounts/typeorm/repositories/UsersRepository.ts
FN:6,(anonymous_20)
FN:7,(anonymous_22)
FN:17,(anonymous_25)
FN:27,(anonymous_28)
FNF:4
FNH:1
FNDA:1,(anonymous_20)
FNDA:0,(anonymous_22)
FNDA:0,(anonymous_25)
FNDA:0,(anonymous_28)
DA:2,1
DA:3,1
DA:6,1
DA:7,1
DA:8,0
DA:14,0
DA:17,1
DA:18,0
DA:24,0
DA:27,1
DA:28,0
DA:34,0
DA:36,1
DA:38,1
LF:14
LH:8
BRDA:8,0,0,0
BRDA:18,1,0,0
BRDA:28,2,0,0
BRF:3
BRH:0
end_of_record
TN:
SF:src/modules/accounts/useCases/createUser/createUserController.ts
FN:6,(anonymous_13)
FN:7,(anonymous_15)
FNF:2
FNH:2
FNDA:1,(anonymous_13)
FNDA:3,(anonymous_15)
DA:2,1
DA:4,1
DA:6,1
DA:7,1
DA:8,3
DA:9,3
DA:11,6
DA:17,3
DA:19,1
DA:21,1
LF:10
LH:10
BRF:0
BRH:0
end_of_record
TN:
SF:src/modules/accounts/useCases/createUser/createUserError.ts
FN:3,(anonymous_6)
FN:4,CreateUserError
FNF:2
FNH:1
FNDA:1,(anonymous_6)
FNDA:0,CreateUserError
DA:1,1
DA:3,1
DA:5,0
DA:7,1
DA:9,1
LF:5
LH:4
BRDA:5,0,0,0
BRDA:5,0,1,0
BRF:2
BRH:0
end_of_record
TN:
SF:src/modules/accounts/useCases/createUser/createUserUseCase.ts
FN:10,(anonymous_17)
FN:11,CreateUserUseCase
FN:16,(anonymous_19)
FNF:3
FNH:1
FNDA:1,(anonymous_17)
FNDA:0,CreateUserUseCase
FNDA:0,(anonymous_19)
DA:1,1
DA:2,1
DA:7,1
DA:10,1
DA:13,0
DA:16,1
DA:17,0
DA:19,0
DA:20,0
DA:23,0
DA:28,0
DA:34,1
DA:36,1
LF:13
LH:7
BRDA:17,0,0,0
BRDA:19,1,0,0
BRDA:19,1,1,0
BRF:3
BRH:0
end_of_record
TN:
SF:src/shared/errors/appError.ts
FN:1,(anonymous_0)
FN:5,AppError
FNF:2
FNH:1
FNDA:3,(anonymous_0)
FNDA:0,AppError
DA:1,3
DA:5,0
DA:6,0
DA:7,0
DA:9,3
LF:5
LH:2
BRDA:5,0,0,0
BRDA:5,0,1,0
BRF:2
BRH:0
end_of_record
