TN:
SF:src/config/upload.ts
FN:11,(anonymous_1)
FNF:1
FNH:0
FNDA:0,(anonymous_1)
DA:1,1
DA:2,1
DA:3,1
DA:5,1
DA:7,1
DA:12,0
DA:13,0
DA:14,0
LF:8
LH:5
BRF:0
BRH:0
end_of_record
TN:
SF:src/modules/accounts/services/update-user-avatar-service.ts
FN:7,(anonymous_13)
FN:8,(anonymous_15)
FNF:2
FNH:2
FNDA:2,(anonymous_13)
FNDA:1,(anonymous_15)
DA:1,1
DA:2,1
DA:3,1
DA:5,1
DA:7,1
DA:8,1
DA:9,1
DA:10,1
DA:12,1
DA:13,1
DA:14,1
DA:16,1
DA:18,1
DA:19,1
DA:22,0
DA:23,0
DA:24,0
DA:28,0
DA:30,0
DA:32,0
DA:34,1
DA:36,1
LF:22
LH:16
BRDA:23,0,0,0
BRDA:23,0,1,0
BRDA:23,0,2,0
BRDA:18,1,0,1
BRDA:18,1,1,0
BRDA:22,2,0,0
BRDA:22,2,1,0
BRF:7
BRH:1
end_of_record
TN:
SF:src/modules/accounts/typeorm/entities/User.ts
FN:6,(anonymous_2)
FN:40,User
FN:29,(anonymous_4)
FNF:3
FNH:1
FNDA:1,(anonymous_2)
FNDA:0,User
FNDA:0,(anonymous_4)
DA:1,1
DA:2,1
DA:3,1
DA:6,1
DA:8,1
DA:11,1
DA:14,1
DA:17,1
DA:20,1
DA:23,1
DA:26,1
DA:29,2
DA:30,0
DA:32,0
DA:34,0
DA:36,0
DA:41,0
DA:42,0
DA:45,1
DA:47,1
LF:20
LH:14
BRDA:41,0,0,0
BRDA:41,0,1,0
BRDA:31,1,0,0
BRDA:31,1,1,0
BRDA:31,1,2,0
BRF:5
BRH:0
end_of_record
TN:
SF:src/modules/accounts/typeorm/repositories/users-repository.ts
FN:5,(anonymous_20)
FN:6,(anonymous_22)
FN:16,(anonymous_25)
FN:26,(anonymous_28)
FNF:4
FNH:1
FNDA:1,(anonymous_20)
FNDA:0,(anonymous_22)
FNDA:0,(anonymous_25)
FNDA:0,(anonymous_28)
DA:1,1
DA:2,1
DA:5,1
DA:6,1
DA:7,0
DA:13,0
DA:16,1
DA:17,0
DA:23,0
DA:26,1
DA:27,0
DA:33,0
DA:35,1
DA:37,1
LF:14
LH:8
BRDA:7,0,0,0
BRDA:17,1,0,0
BRDA:27,2,0,0
BRF:3
BRH:0
end_of_record
TN:
SF:src/modules/test/mock/typeorm.mock.ts
FN:9,(anonymous_0)
FN:11,(anonymous_1)
FN:12,(anonymous_2)
FN:13,(anonymous_3)
FN:15,(anonymous_4)
FN:15,(anonymous_5)
FN:16,(anonymous_6)
FN:16,(anonymous_7)
FN:17,(anonymous_8)
FN:17,(anonymous_9)
FN:18,(anonymous_10)
FN:18,(anonymous_11)
FN:19,(anonymous_12)
FN:19,(anonymous_13)
FN:20,(anonymous_14)
FN:20,(anonymous_15)
FN:21,(anonymous_16)
FN:21,(anonymous_17)
FN:22,(anonymous_18)
FN:22,(anonymous_19)
FN:23,(anonymous_20)
FN:23,(anonymous_21)
FN:24,(anonymous_22)
FN:24,(anonymous_23)
FN:25,(anonymous_24)
FN:25,(anonymous_25)
FN:26,(anonymous_26)
FN:26,(anonymous_27)
FN:28,(anonymous_28)
FN:28,(anonymous_29)
FNF:30
FNH:12
FNDA:1,(anonymous_0)
FNDA:1,(anonymous_1)
FNDA:0,(anonymous_2)
FNDA:0,(anonymous_3)
FNDA:1,(anonymous_4)
FNDA:1,(anonymous_5)
FNDA:1,(anonymous_6)
FNDA:1,(anonymous_7)
FNDA:0,(anonymous_8)
FNDA:0,(anonymous_9)
FNDA:5,(anonymous_10)
FNDA:5,(anonymous_11)
FNDA:1,(anonymous_12)
FNDA:1,(anonymous_13)
FNDA:0,(anonymous_14)
FNDA:0,(anonymous_15)
FNDA:0,(anonymous_16)
FNDA:0,(anonymous_17)
FNDA:0,(anonymous_18)
FNDA:0,(anonymous_19)
FNDA:0,(anonymous_20)
FNDA:0,(anonymous_21)
FNDA:0,(anonymous_22)
FNDA:0,(anonymous_23)
FNDA:0,(anonymous_24)
FNDA:0,(anonymous_25)
FNDA:0,(anonymous_26)
FNDA:0,(anonymous_27)
FNDA:1,(anonymous_28)
FNDA:1,(anonymous_29)
DA:2,1
DA:5,1
DA:6,1
DA:7,1
DA:9,1
DA:10,1
DA:11,1
DA:12,0
DA:13,0
DA:15,1
DA:16,1
DA:17,0
DA:18,5
DA:19,1
DA:20,0
DA:21,0
DA:22,0
DA:23,0
DA:24,0
DA:25,0
DA:26,0
DA:28,1
LF:22
LH:12
BRF:0
BRH:0
end_of_record
TN:
SF:src/shared/container/providers/StorageProvider/index.ts
FN:10,(anonymous_13)
FN:11,(anonymous_15)
FNF:2
FNH:1
FNDA:2,(anonymous_13)
FNDA:0,(anonymous_15)
DA:1,1
DA:2,1
DA:5,1
DA:10,1
DA:11,1
DA:12,0
DA:14,1
DA:16,1
LF:8
LH:7
BRF:0
BRH:0
end_of_record
TN:
SF:src/shared/container/providers/StorageProvider/implementations/LocalStorageProvider.ts
FN:9,(anonymous_14)
FN:10,(anonymous_16)
FN:18,(anonymous_19)
FNF:3
FNH:1
FNDA:1,(anonymous_14)
FNDA:0,(anonymous_16)
FNDA:0,(anonymous_19)
DA:1,1
DA:2,1
DA:4,1
DA:5,1
DA:9,1
DA:10,1
DA:11,0
DA:15,0
DA:18,1
DA:19,0
DA:20,0
DA:22,1
DA:23,1
LF:13
LH:9
BRDA:11,0,0,0
BRF:1
BRH:0
end_of_record
TN:
SF:src/shared/container/providers/StorageProvider/implementations/S3StorageProvider.ts
FN:11,(anonymous_14)
FN:14,S3StorageProvider
FN:20,(anonymous_16)
FN:39,(anonymous_19)
FNF:4
FNH:1
FNDA:1,(anonymous_14)
FNDA:0,S3StorageProvider
FNDA:0,(anonymous_16)
FNDA:0,(anonymous_19)
DA:1,1
DA:2,1
DA:3,1
DA:4,1
DA:6,1
DA:7,1
DA:11,1
DA:15,0
DA:20,1
DA:21,0
DA:22,0
DA:24,0
DA:34,0
DA:36,0
DA:39,1
DA:40,0
DA:47,1
DA:49,1
LF:18
LH:11
BRF:0
BRH:0
end_of_record
TN:
SF:src/shared/errors/app-error.ts
FN:1,(anonymous_0)
FN:5,AppError
FNF:2
FNH:2
FNDA:1,(anonymous_0)
FNDA:2,AppError
DA:1,1
DA:5,2
DA:6,2
DA:7,2
DA:9,1
LF:5
LH:5
BRDA:5,0,0,0
BRDA:5,0,1,2
BRF:2
BRH:1
end_of_record
TN:
SF:src/utils/file.ts
FN:3,(anonymous_14)
FN:3,(anonymous_15)
FNF:2
FNH:0
FNDA:0,(anonymous_14)
FNDA:0,(anonymous_15)
DA:1,1
DA:3,1
DA:5,0
DA:7,0
DA:10,0
LF:5
LH:2
BRDA:10,0,0,0
BRF:1
BRH:0
end_of_record
